Using pre-set license
Built from '2020.3/release' branch; Version is '2020.3.1f1 (77a89f25062f) revision 7841951'; Using compiler version '192528614'; Build Type 'Release'
OS: 'Windows 10 Pro; OS build 22000.556; Version 2009; 64bit' Language: 'pt' Physical Memory: 16082 MB
BatchMode: 1, IsHumanControllingUs: 0, StartBugReporterOnCrash: 0, Is64bit: 1, IsPro: 0

 COMMAND LINE ARGUMENTS:
C:\Program Files\Unity\Editor\Unity.exe
-adb2
-batchMode
-noUpm
-name
AssetImportWorker0
-projectPath
C:/Users/diana/Desktop/rep/GitHub/MadjLab/MADJ_LAB1 - Copy
-logFile
Logs/AssetImportWorker0.log
-srvPort
49381
Successfully changed project path to: C:/Users/diana/Desktop/rep/GitHub/MadjLab/MADJ_LAB1 - Copy
C:/Users/diana/Desktop/rep/GitHub/MadjLab/MADJ_LAB1 - Copy
Using Asset Import Pipeline V2.
Refreshing native plugins compatible for Editor in 21.70 ms, found 0 plugins.
Preloading 0 native plugins for Editor in 0.00 ms.
Initialize engine version: 2020.3.1f1 (77a89f25062f)
[Subsystems] Discovering subsystems at path C:/Program Files/Unity/Editor/Data/Resources/UnitySubsystems
[Subsystems] Discovering subsystems at path C:/Users/diana/Desktop/rep/GitHub/MadjLab/MADJ_LAB1 - Copy/Assets
GfxDevice: creating device client; threaded=0
Direct3D:
    Version:  Direct3D 11.0 [level 11.1]
    Renderer: Intel(R) Iris(R) Xe Graphics (ID=0x9a49)
    Vendor:   
    VRAM:     8041 MB
    Driver:   30.0.101.1338
Initialize mono
Mono path[0] = 'C:/Program Files/Unity/Editor/Data/Managed'
Mono path[1] = 'C:/Program Files/Unity/Editor/Data/MonoBleedingEdge/lib/mono/unityjit'
Mono config path = 'C:/Program Files/Unity/Editor/Data/MonoBleedingEdge/etc'
Using monoOptions --debugger-agent=transport=dt_socket,embedding=1,server=y,suspend=n,address=127.0.0.1:56824
Begin MonoManager ReloadAssembly
Registering precompiled unity dll's ...
Register platform support module: C:/Program Files/Unity/Editor/Data/PlaybackEngines/WindowsStandaloneSupport/UnityEditor.WindowsStandalone.Extensions.dll
Registered in 0.002685 seconds.
Native extension for WindowsStandalone target not found
Refreshing native plugins compatible for Editor in 22.36 ms, found 0 plugins.
Preloading 0 native plugins for Editor in 0.00 ms.
Invoked RoslynAnalysisRunner static constructor.
RoslynAnalysisRunner will not be running.
RoslynAnalysisRunner has terminated.
Mono: successfully reloaded assembly
- Completed reload, in  0.965 seconds
Platform modules already initialized, skipping
Registering precompiled user dll's ...
Registered in 0.001198 seconds.
Begin MonoManager ReloadAssembly
Native extension for WindowsStandalone target not found
Refreshing native plugins compatible for Editor in 0.28 ms, found 0 plugins.
Preloading 0 native plugins for Editor in 0.00 ms.
Invoked RoslynAnalysisRunner static constructor.
RoslynAnalysisRunner will not be running.
RoslynAnalysisRunner has terminated.
Mono: successfully reloaded assembly
- Completed reload, in  0.891 seconds
Platform modules already initialized, skipping
========================================================================
Worker process is ready to serve import requests
Launched and connected shader compiler UnityShaderCompiler.exe after 0.04 seconds
Refreshing native plugins compatible for Editor in 0.16 ms, found 0 plugins.
Preloading 0 native plugins for Editor in 0.00 ms.
Unloading 1113 Unused Serialized files (Serialized files now loaded: 0)
System memory in use before: 56.8 MB.
System memory in use after: 56.9 MB.

Unloading 9 unused Assets to reduce memory usage. Loaded Objects now: 1556.
Total: 2.067400 ms (FindLiveObjects: 0.197900 ms CreateObjectMapping: 0.074500 ms MarkObjects: 1.688500 ms  DeleteObjects: 0.105000 ms)

========================================================================
Received Import Request.
  path: Assets
  artifactKey: Guid(00000000000000001000000000000000) Importer(815301076,1909f56bfc062723c751e8b465ee728b)
Start importing Assets using Guid(00000000000000001000000000000000) Importer(815301076,1909f56bfc062723c751e8b465ee728b)  -> (artifact id: 'a6374019befeac6ce670f13ba9960efb') in 0.005426 seconds
  Import took 0.007943 seconds .

========================================================================
Received Import Request.
  Time since last request: 0.000402 seconds.
  path: Assets/Scenes
  artifactKey: Guid(86a56db64ef9e44499c6192b9241f2b5) Importer(815301076,1909f56bfc062723c751e8b465ee728b)
Start importing Assets/Scenes using Guid(86a56db64ef9e44499c6192b9241f2b5) Importer(815301076,1909f56bfc062723c751e8b465ee728b)  -> (artifact id: '6b3eed2c2b88fab63a32092c18347b6f') in 0.002863 seconds
  Import took 0.004605 seconds .

========================================================================
Received Import Request.
  Time since last request: 4.049407 seconds.
  path: Assets/Scripts
  artifactKey: Guid(3637d4b424c3797459ba114f7d90e712) Importer(815301076,1909f56bfc062723c751e8b465ee728b)
Start importing Assets/Scripts using Guid(3637d4b424c3797459ba114f7d90e712) Importer(815301076,1909f56bfc062723c751e8b465ee728b)  -> (artifact id: 'f1de40e283d279fc9913135556be80d2') in 0.003102 seconds
  Import took 0.005044 seconds .

========================================================================
Received Import Request.
  Time since last request: 16.743202 seconds.
  path: Assets/Scripts/Basics.cs
  artifactKey: Guid(e7cd20cd618388b4389ec7b306bd7ed4) Importer(815301076,1909f56bfc062723c751e8b465ee728b)
Start importing Assets/Scripts/Basics.cs using Guid(e7cd20cd618388b4389ec7b306bd7ed4) Importer(815301076,1909f56bfc062723c751e8b465ee728b)  -> (artifact id: 'e320e0712b8838c5da84562231fe3792') in 0.018463 seconds
  Import took 0.020145 seconds .

========================================================================
Received Import Request.
  Time since last request: 0.010198 seconds.
  path: Assets/Scripts/Basics.cs
  artifactKey: Guid(e7cd20cd618388b4389ec7b306bd7ed4) Importer(815301076,1909f56bfc062723c751e8b465ee728b)
Start importing Assets/Scripts/Basics.cs using Guid(e7cd20cd618388b4389ec7b306bd7ed4) Importer(815301076,1909f56bfc062723c751e8b465ee728b)  -> (artifact id: 'e320e0712b8838c5da84562231fe3792') in 0.003313 seconds
  Import took 0.005668 seconds .

========================================================================
Received Prepare
Registering precompiled user dll's ...
Registered in 0.000666 seconds.
Begin MonoManager ReloadAssembly
Native extension for WindowsStandalone target not found
Refreshing native plugins compatible for Editor in 0.30 ms, found 0 plugins.
Preloading 0 native plugins for Editor in 0.00 ms.
Invoked RoslynAnalysisRunner static constructor.
RoslynAnalysisRunner will not be running.
RoslynAnalysisRunner has terminated.
Mono: successfully reloaded assembly
- Completed reload, in  0.770 seconds
Platform modules already initialized, skipping
Refreshing native plugins compatible for Editor in 0.17 ms, found 0 plugins.
Preloading 0 native plugins for Editor in 0.00 ms.
Unloading 1108 Unused Serialized files (Serialized files now loaded: 0)
System memory in use before: 56.7 MB.
System memory in use after: 56.8 MB.

Unloading 4 unused Assets to reduce memory usage. Loaded Objects now: 1560.
Total: 1.801700 ms (FindLiveObjects: 0.112500 ms CreateObjectMapping: 0.027400 ms MarkObjects: 1.641800 ms  DeleteObjects: 0.019000 ms)

AssetImportWorkerClient::OnTransportError - code=2 error=End of file
